<?xml version="1.0" encoding="UTF-8"?>
<!-- Generated by org.testng.reporters.JUnitReportReporter -->
<testsuite hostname="Amrutha" failures="0" tests="1" name="JenkinsPractiseTest" time="0.004" errors="0" timestamp="2024-04-20T12:55:15 IST" skipped="0">
  <testcase classname="JenkinsPractiseTest" name="Test1" time="0.004"/>
  <system-out>
    <![CDATA[********Login**********]]>
  </system-out>
</testsuite> <!-- JenkinsPractiseTest -->
